<?xml version="1.0" encoding="UTF-8"?>
<testng-results skipped="0" failed="0" ignored="0" total="1" passed="1">
  <reporter-output>
  </reporter-output>
  <suite name="nopCommerce" duration-ms="148698" started-at="2020-07-09T11:03:03Z" finished-at="2020-07-09T11:05:32Z">
    <groups>
    </groups>
    <test name="Test1" duration-ms="148698" started-at="2020-07-09T11:03:03Z" finished-at="2020-07-09T11:05:32Z">
      <class name="com.nopcommerce.testCase.TC_LoginTest_0001">
        <test-method status="PASS" signature="setup(java.lang.String)[pri:0, instance:com.nopcommerce.testCase.TC_LoginTest_0001@17c68925]" name="setup" is-config="true" duration-ms="18442" started-at="2020-07-09T11:03:04Z" finished-at="2020-07-09T11:03:22Z">
          <params>
            <param index="0">
              <value>
                <![CDATA[chrome]]>
              </value>
            </param>
          </params>
          <reporter-output>
          </reporter-output>
        </test-method> <!-- setup -->
        <test-method status="PASS" signature="loginTest()[pri:0, instance:com.nopcommerce.testCase.TC_LoginTest_0001@17c68925]" name="loginTest" duration-ms="127261" started-at="2020-07-09T11:03:22Z" finished-at="2020-07-09T11:05:29Z">
          <reporter-output>
          </reporter-output>
        </test-method> <!-- loginTest -->
        <test-method status="PASS" signature="tearDown()[pri:0, instance:com.nopcommerce.testCase.TC_LoginTest_0001@17c68925]" name="tearDown" is-config="true" duration-ms="2218" started-at="2020-07-09T11:05:29Z" finished-at="2020-07-09T11:05:32Z">
          <reporter-output>
          </reporter-output>
        </test-method> <!-- tearDown -->
      </class> <!-- com.nopcommerce.testCase.TC_LoginTest_0001 -->
    </test> <!-- Test1 -->
  </suite> <!-- nopCommerce -->
</testng-results>
